[2024-04-08T19:23:44.160+0000] {taskinstance.py:1159} INFO - Dependencies all met for dep_context=non-requeueable deps ti=<TaskInstance: seed_initial_data.insert_coins_into_db manual__2024-04-08T19:23:41.724895+00:00 [queued]>
[2024-04-08T19:23:44.167+0000] {taskinstance.py:1159} INFO - Dependencies all met for dep_context=requeueable deps ti=<TaskInstance: seed_initial_data.insert_coins_into_db manual__2024-04-08T19:23:41.724895+00:00 [queued]>
[2024-04-08T19:23:44.167+0000] {taskinstance.py:1361} INFO - Starting attempt 1 of 1
[2024-04-08T19:23:44.175+0000] {taskinstance.py:1382} INFO - Executing <Task(PythonOperator): insert_coins_into_db> on 2024-04-08 19:23:41.724895+00:00
[2024-04-08T19:23:44.180+0000] {standard_task_runner.py:57} INFO - Started process 87489 to run task
[2024-04-08T19:23:44.184+0000] {standard_task_runner.py:84} INFO - Running: ['***', 'tasks', 'run', 'seed_initial_data', 'insert_coins_into_db', 'manual__2024-04-08T19:23:41.724895+00:00', '--job-id', '33', '--raw', '--subdir', 'DAGS_FOLDER/file_procesor_dag.py', '--cfg-path', '/tmp/tmpx6clzrh4']
[2024-04-08T19:23:44.188+0000] {standard_task_runner.py:85} INFO - Job 33: Subtask insert_coins_into_db
[2024-04-08T19:23:44.253+0000] {task_command.py:416} INFO - Running <TaskInstance: seed_initial_data.insert_coins_into_db manual__2024-04-08T19:23:41.724895+00:00 [running]> on host 2c889d8e7a74
[2024-04-08T19:23:44.323+0000] {taskinstance.py:1662} INFO - Exporting env vars: AIRFLOW_CTX_DAG_OWNER='***' AIRFLOW_CTX_DAG_ID='seed_initial_data' AIRFLOW_CTX_TASK_ID='insert_coins_into_db' AIRFLOW_CTX_EXECUTION_DATE='2024-04-08T19:23:41.724895+00:00' AIRFLOW_CTX_TRY_NUMBER='1' AIRFLOW_CTX_DAG_RUN_ID='manual__2024-04-08T19:23:41.724895+00:00'
[2024-04-08T19:23:44.516+0000] {logging_mixin.py:154} INFO -   stock transaction_date  open_price  ...  min_price  variation  partition_date
0     A      02-Jun-2012       34.93  ...      34.93          0      2024-04-05
1    AA      02-Jun-2012        8.65  ...       8.65          0      2024-04-05
2   AAN      02-Jun-2012       26.68  ...      26.68          0      2024-04-05
3   AAP      02-Jun-2012       69.63  ...      69.63          0      2024-04-05
4   AAT      02-Jun-2012       20.51  ...      20.51          0      2024-04-05

[5 rows x 8 columns]
[2024-04-08T19:23:44.520+0000] {python.py:194} INFO - Done. Returned value was: None
[2024-04-08T19:23:44.530+0000] {taskinstance.py:1400} INFO - Marking task as SUCCESS. dag_id=seed_initial_data, task_id=insert_coins_into_db, execution_date=20240408T192341, start_date=20240408T192344, end_date=20240408T192344
[2024-04-08T19:23:44.566+0000] {local_task_job_runner.py:228} INFO - Task exited with return code 0
[2024-04-08T19:23:44.584+0000] {taskinstance.py:2778} INFO - 0 downstream tasks scheduled from follow-on schedule check
