[2024-04-08T19:04:01.082+0000] {taskinstance.py:1159} INFO - Dependencies all met for dep_context=non-requeueable deps ti=<TaskInstance: seed_initial_data.insert_coins_into_db manual__2024-04-08T19:03:59.174225+00:00 [queued]>
[2024-04-08T19:04:01.087+0000] {taskinstance.py:1159} INFO - Dependencies all met for dep_context=requeueable deps ti=<TaskInstance: seed_initial_data.insert_coins_into_db manual__2024-04-08T19:03:59.174225+00:00 [queued]>
[2024-04-08T19:04:01.088+0000] {taskinstance.py:1361} INFO - Starting attempt 1 of 1
[2024-04-08T19:04:01.095+0000] {taskinstance.py:1382} INFO - Executing <Task(PythonOperator): insert_coins_into_db> on 2024-04-08 19:03:59.174225+00:00
[2024-04-08T19:04:01.100+0000] {standard_task_runner.py:57} INFO - Started process 75576 to run task
[2024-04-08T19:04:01.104+0000] {standard_task_runner.py:84} INFO - Running: ['***', 'tasks', 'run', 'seed_initial_data', 'insert_coins_into_db', 'manual__2024-04-08T19:03:59.174225+00:00', '--job-id', '31', '--raw', '--subdir', 'DAGS_FOLDER/file_procesor_dag.py', '--cfg-path', '/tmp/tmp0x7t4ygw']
[2024-04-08T19:04:01.106+0000] {standard_task_runner.py:85} INFO - Job 31: Subtask insert_coins_into_db
[2024-04-08T19:04:01.155+0000] {task_command.py:416} INFO - Running <TaskInstance: seed_initial_data.insert_coins_into_db manual__2024-04-08T19:03:59.174225+00:00 [running]> on host 2c889d8e7a74
[2024-04-08T19:04:01.222+0000] {taskinstance.py:1662} INFO - Exporting env vars: AIRFLOW_CTX_DAG_OWNER='***' AIRFLOW_CTX_DAG_ID='seed_initial_data' AIRFLOW_CTX_TASK_ID='insert_coins_into_db' AIRFLOW_CTX_EXECUTION_DATE='2024-04-08T19:03:59.174225+00:00' AIRFLOW_CTX_TRY_NUMBER='1' AIRFLOW_CTX_DAG_RUN_ID='manual__2024-04-08T19:03:59.174225+00:00'
[2024-04-08T19:04:01.225+0000] {logging_mixin.py:154} INFO - {'origin_path': 'scripts/data/input/nyse_2012.csv', 'final_path': 'nyse_2012_ts.parquet', 'metadata': {'type': 'delimited', 'columns_width': [6, 24, 7, 7, 7, 7, 7], 'columns_name': ['stock', 'transaction_date', 'open_price', 'close_price', 'max_price', 'min_price', 'variation'], 'additional_data': {}}, 'partition_by': 'stock'}
[2024-04-08T19:04:01.554+0000] {logging_mixin.py:154} INFO -   stock transaction_date  open_price  ...  max_price  min_price  variation
0     A      02-Jun-2012       34.93  ...      34.93      34.93          0
1    AA      02-Jun-2012        8.65  ...       8.65       8.65          0
2   AAN      02-Jun-2012       26.68  ...      26.68      26.68          0
3   AAP      02-Jun-2012       69.63  ...      69.63      69.63          0
4   AAT      02-Jun-2012       20.51  ...      20.51      20.51          0

[5 rows x 7 columns]
[2024-04-08T19:04:01.558+0000] {python.py:194} INFO - Done. Returned value was: None
[2024-04-08T19:04:01.570+0000] {taskinstance.py:1400} INFO - Marking task as SUCCESS. dag_id=seed_initial_data, task_id=insert_coins_into_db, execution_date=20240408T190359, start_date=20240408T190401, end_date=20240408T190401
[2024-04-08T19:04:01.600+0000] {local_task_job_runner.py:228} INFO - Task exited with return code 0
[2024-04-08T19:04:01.617+0000] {taskinstance.py:2778} INFO - 0 downstream tasks scheduled from follow-on schedule check
